\BOOKMARK [1][-]{section.1}{\376\377\000I\000n\000t\000r\000o\000d\000u\000c\000t\000i\000o\000n}{}% 1
\BOOKMARK [1][-]{section.2}{\376\377\000C\000a\000d\000r\000e\000\040\000t\000h\000e\000o\000r\000i\000q\000u\000e}{}% 2
\BOOKMARK [2][-]{subsection.2.1}{\376\377\000L\000o\000g\000i\000q\000u\000e\000\040\000f\000l\000o\000u\000e\000\040\000e\000t\000\040\000e\000n\000s\000e\000m\000b\000l\000e\000s\000\040\000f\000l\000o\000u\000s}{section.2}% 3
\BOOKMARK [2][-]{subsection.2.2}{\376\377\000V\000a\000r\000i\000a\000b\000l\000e\000s\000\040\000l\000i\000n\000g\000u\000i\000s\000t\000i\000q\000u\000e\000s}{section.2}% 4
\BOOKMARK [2][-]{subsection.2.3}{\376\377\000P\000r\000e\000f\000e\000r\000e\000n\000c\000e\000s\000\040\000i\000m\000p\000r\000e\000c\000i\000s\000e\000s}{section.2}% 5
\BOOKMARK [2][-]{subsection.2.4}{\376\377\000I\000n\000f\000e\000r\000e\000n\000c\000e\000\040\000d\000e\000\040\000M\000a\000m\000d\000a\000n\000i}{section.2}% 6
\BOOKMARK [2][-]{subsection.2.5}{\376\377\000S\000y\000s\000t\000e\000m\000e\000s\000\040\000d\000e\000\040\000r\000e\000c\000o\000m\000m\000a\000n\000d\000a\000t\000i\000o\000n\000\040\000e\000t\000\040\000M\000o\000v\000i\000e\000L\000e\000n\000s}{section.2}% 7
\BOOKMARK [1][-]{section.3}{\376\377\000A\000r\000c\000h\000i\000t\000e\000c\000t\000u\000r\000e\000\040\000d\000u\000\040\000s\000y\000s\000t\000e\000m\000e}{}% 8
\BOOKMARK [1][-]{section.4}{\376\377\000M\000o\000d\000e\000l\000i\000s\000a\000t\000i\000o\000n\000\040\000f\000l\000o\000u\000e}{}% 9
\BOOKMARK [2][-]{subsection.4.1}{\376\377\000V\000a\000r\000i\000a\000b\000l\000e\000s\000\040\000l\000i\000n\000g\000u\000i\000s\000t\000i\000q\000u\000e\000s\000\040\000V\0001}{section.4}% 10
\BOOKMARK [2][-]{subsection.4.2}{\376\377\000F\000o\000n\000c\000t\000i\000o\000n\000s\000\040\000d\000'\000a\000p\000p\000a\000r\000t\000e\000n\000a\000n\000c\000e}{section.4}% 11
\BOOKMARK [2][-]{subsection.4.3}{\376\377\000B\000a\000s\000e\000\040\000d\000e\000\040\000r\000e\000g\000l\000e\000s\000\040\000m\000i\000n\000i\000m\000a\000l\000e}{section.4}% 12
\BOOKMARK [2][-]{subsection.4.4}{\376\377\000A\000g\000r\000e\000g\000a\000t\000i\000o\000n\000\040\000e\000t\000\040\000d\000e\000f\000u\000z\000z\000i\000f\000i\000c\000a\000t\000i\000o\000n}{section.4}% 13
\BOOKMARK [1][-]{section.5}{\376\377\000M\000o\000d\000e\000l\000i\000s\000a\000t\000i\000o\000n\000\040\000d\000e\000s\000\040\000p\000r\000e\000f\000e\000r\000e\000n\000c\000e\000s\000\040\000i\000m\000p\000r\000e\000c\000i\000s\000e\000s}{}% 14
\BOOKMARK [2][-]{subsection.5.1}{\376\377\000T\000r\000o\000i\000s\000\040\000m\000o\000d\000e\000s\000\040\000d\000e\000\040\000s\000a\000i\000s\000i\000e}{section.5}% 15
\BOOKMARK [2][-]{subsection.5.2}{\376\377\000P\000r\000o\000j\000e\000c\000t\000i\000o\000n\000\040\000v\000e\000r\000s\000\040\000d\000e\000s\000\040\000d\000e\000g\000r\000e\000s\000\040\000d\000'\000a\000p\000p\000a\000r\000t\000e\000n\000a\000n\000c\000e}{section.5}% 16
\BOOKMARK [2][-]{subsection.5.3}{\376\377\000A\000g\000r\000e\000g\000a\000t\000i\000o\000n\000\040\000m\000u\000l\000t\000i\000-\000g\000e\000n\000r\000e\000s}{section.5}% 17
\BOOKMARK [1][-]{section.6}{\376\377\000P\000i\000p\000e\000l\000i\000n\000e\000\040\000d\000e\000\040\000r\000e\000c\000o\000m\000m\000a\000n\000d\000a\000t\000i\000o\000n}{}% 18
\BOOKMARK [1][-]{section.7}{\376\377\000I\000m\000p\000l\000e\000m\000e\000n\000t\000a\000t\000i\000o\000n}{}% 19
\BOOKMARK [2][-]{subsection.7.1}{\376\377\000S\000t\000a\000c\000k\000\040\000t\000e\000c\000h\000n\000o\000l\000o\000g\000i\000q\000u\000e}{section.7}% 20
\BOOKMARK [2][-]{subsection.7.2}{\376\377\000O\000r\000g\000a\000n\000i\000s\000a\000t\000i\000o\000n\000\040\000d\000u\000\040\000c\000o\000d\000e}{section.7}% 21
\BOOKMARK [2][-]{subsection.7.3}{\376\377\000C\000o\000n\000f\000i\000g\000u\000r\000a\000t\000i\000o\000n\000\040\000e\000x\000t\000e\000r\000n\000a\000l\000i\000s\000e\000e}{section.7}% 22
\BOOKMARK [2][-]{subsection.7.4}{\376\377\000E\000x\000e\000c\000u\000t\000i\000o\000n}{section.7}% 23
\BOOKMARK [1][-]{section.8}{\376\377\000I\000n\000t\000e\000r\000f\000a\000c\000e\000s\000\040\000u\000t\000i\000l\000i\000s\000a\000t\000e\000u\000r}{}% 24
\BOOKMARK [2][-]{subsection.8.1}{\376\377\000I\000n\000t\000e\000r\000f\000a\000c\000e\000\040\000C\000L\000I}{section.8}% 25
\BOOKMARK [2][-]{subsection.8.2}{\376\377\000I\000n\000t\000e\000r\000f\000a\000c\000e\000\040\000G\000U\000I}{section.8}% 26
\BOOKMARK [1][-]{section.9}{\376\377\000R\000e\000s\000u\000l\000t\000a\000t\000s\000\040\000e\000t\000\040\000e\000v\000a\000l\000u\000a\000t\000i\000o\000n}{}% 27
\BOOKMARK [2][-]{subsection.9.1}{\376\377\000P\000r\000o\000t\000o\000c\000o\000l\000e\000\040\000e\000x\000p\000e\000r\000i\000m\000e\000n\000t\000a\000l}{section.9}% 28
\BOOKMARK [2][-]{subsection.9.2}{\376\377\000E\000x\000e\000m\000p\000l\000e\000\040\000d\000e\000\040\000r\000e\000c\000o\000m\000m\000a\000n\000d\000a\000t\000i\000o\000n\000\040\000d\000e\000t\000a\000i\000l\000l\000e\000e}{section.9}% 29
\BOOKMARK [2][-]{subsection.9.3}{\376\377\000I\000l\000l\000u\000s\000t\000r\000a\000t\000i\000o\000n\000\040\000d\000e\000\040\000l\000'\000i\000n\000f\000e\000r\000e\000n\000c\000e\000\040\000M\000a\000m\000d\000a\000n\000i}{section.9}% 30
\BOOKMARK [2][-]{subsection.9.4}{\376\377\000M\000e\000t\000r\000i\000q\000u\000e\000s\000\040\000d\000'\000e\000v\000a\000l\000u\000a\000t\000i\000o\000n}{section.9}% 31
\BOOKMARK [2][-]{subsection.9.5}{\376\377\000T\000e\000s\000t\000s\000\040\000a\000u\000t\000o\000m\000a\000t\000i\000s\000e\000s}{section.9}% 32
\BOOKMARK [1][-]{section.10}{\376\377\000D\000i\000s\000c\000u\000s\000s\000i\000o\000n\000,\000\040\000c\000o\000n\000c\000l\000u\000s\000i\000o\000n\000\040\000e\000t\000\040\000p\000e\000r\000s\000p\000e\000c\000t\000i\000v\000e\000s}{}% 33
\BOOKMARK [2][-]{subsection.10.1}{\376\377\000D\000i\000s\000c\000u\000s\000s\000i\000o\000n}{section.10}% 34
\BOOKMARK [2][-]{subsection.10.2}{\376\377\000A\000d\000e\000q\000u\000a\000t\000i\000o\000n\000\040\000a\000u\000\040\000s\000u\000j\000e\000t}{section.10}% 35
\BOOKMARK [2][-]{subsection.10.3}{\376\377\000P\000e\000r\000s\000p\000e\000c\000t\000i\000v\000e\000s}{section.10}% 36
\BOOKMARK [2][-]{subsection.10.4}{\376\377\000C\000o\000n\000c\000l\000u\000s\000i\000o\000n}{section.10}% 37
\BOOKMARK [1][-]{appendix.A}{\376\377\000C\000o\000d\000e\000\040\000s\000o\000u\000r\000c\000e}{}% 38
